#
# There is insufficient memory for the Java Runtime Environment to continue.
# Native memory allocation (malloc) failed to allocate 32744 bytes for ChunkPool::allocate
# Possible reasons:
#   The system is out of physical RAM or swap space
#   The process is running with CompressedOops enabled, and the Java Heap may be blocking the growth of the native heap
# Possible solutions:
#   Reduce memory load on the system
#   Increase physical memory or swap space
#   Check if swap backing store is full
#   Decrease Java heap size (-Xmx/-Xms)
#   Decrease number of Java threads
#   Decrease Java thread stack sizes (-Xss)
#   Set larger code cache with -XX:ReservedCodeCacheSize=
#   JVM is running with Unscaled Compressed Oops mode in which the Java heap is
#     placed in the first 4GB address space. The Java Heap base address is the
#     maximum limit for the native heap growth. Please use -XX:HeapBaseMinAddress
#     to set the Java Heap base and to place the Java Heap above 4GB virtual address.
# This output file may be truncated or incomplete.
#
#  Out of Memory Error (allocation.cpp:272), pid=20504, tid=0x0000000000005d0c
#
# JRE version: Java(TM) SE Runtime Environment (8.0_221-b11) (build 1.8.0_221-b11)
# Java VM: Java HotSpot(TM) 64-Bit Server VM (25.221-b11 mixed mode windows-amd64 compressed oops)
# Failed to write core dump. Minidumps are not enabled by default on client versions of Windows
#

---------------  T H R E A D  ---------------

Current thread (0x00000000197d3000):  JavaThread "C1 CompilerThread2" daemon [_thread_in_native, id=23820, stack(0x0000000019f70000,0x000000001a070000)]

Stack: [0x0000000019f70000,0x000000001a070000]
[error occurred during error reporting (printing stack bounds), id 0xc0000005]

Native frames: (J=compiled Java code, j=interpreted, Vv=VM code, C=native code)


Current CompileTask:
C1: 726391 5455       1       com.rabbitmq.client.impl.AMQImpl::readMethodFrom (2192 bytes)


---------------  P R O C E S S  ---------------

Java Threads: ( => current thread )
  0x000000001cfae000 JavaThread "pool-1-thread-13" [_thread_blocked, id=7548, stack(0x0000000023bd0000,0x0000000023cd0000)]
  0x000000001cfa6800 JavaThread "AMQP Connection 127.0.0.1:5672" [_thread_in_native, id=28044, stack(0x0000000000e90000,0x0000000000f90000)]
  0x000000001cfab000 JavaThread "SimpleAsyncTaskExecutor-201" [_thread_blocked, id=27456, stack(0x0000000022bd0000,0x0000000022cd0000)]
  0x000000001cfa3800 JavaThread "SimpleAsyncTaskExecutor-200" [_thread_blocked, id=27932, stack(0x00000000215d0000,0x00000000216d0000)]
  0x000000001cfa8800 JavaThread "SimpleAsyncTaskExecutor-199" [_thread_blocked, id=9996, stack(0x00000000235d0000,0x00000000236d0000)]
  0x000000001cfa4000 JavaThread "SimpleAsyncTaskExecutor-198" [_thread_blocked, id=12588, stack(0x00000000221d0000,0x00000000222d0000)]
  0x000000001cfa8000 JavaThread "SimpleAsyncTaskExecutor-197" [_thread_blocked, id=28404, stack(0x00000000234d0000,0x00000000235d0000)]
  0x000000001cfaa000 JavaThread "SimpleAsyncTaskExecutor-196" [_thread_blocked, id=7580, stack(0x00000000231d0000,0x00000000232d0000)]
  0x000000001cfa5800 JavaThread "SimpleAsyncTaskExecutor-195" [_thread_blocked, id=27284, stack(0x0000000022cd0000,0x0000000022dd0000)]
  0x000000001cfa2800 JavaThread "SimpleAsyncTaskExecutor-194" [_thread_blocked, id=9540, stack(0x00000000224d0000,0x00000000225d0000)]
  0x000000001cf66000 JavaThread "SimpleAsyncTaskExecutor-193" [_thread_blocked, id=10704, stack(0x00000000223d0000,0x00000000224d0000)]
  0x000000001cf69800 JavaThread "SimpleAsyncTaskExecutor-192" [_thread_blocked, id=13856, stack(0x00000000216d0000,0x00000000217d0000)]
  0x000000001cf69000 JavaThread "SimpleAsyncTaskExecutor-191" [_thread_blocked, id=1044, stack(0x00000000203d0000,0x00000000204d0000)]
  0x000000001cf68000 JavaThread "SimpleAsyncTaskExecutor-190" [_thread_blocked, id=18776, stack(0x00000000210d0000,0x00000000211d0000)]
  0x000000001cf67800 JavaThread "SimpleAsyncTaskExecutor-189" [_thread_blocked, id=15676, stack(0x0000000021fd0000,0x00000000220d0000)]
  0x000000001cf5a800 JavaThread "SimpleAsyncTaskExecutor-188" [_thread_blocked, id=11964, stack(0x0000000021ed0000,0x0000000021fd0000)]
  0x000000001cf5f800 JavaThread "SimpleAsyncTaskExecutor-187" [_thread_blocked, id=21684, stack(0x000000001f6d0000,0x000000001f7d0000)]
  0x000000001cf66800 JavaThread "SimpleAsyncTaskExecutor-186" [_thread_blocked, id=13380, stack(0x0000000020dd0000,0x0000000020ed0000)]
  0x000000001cf5f000 JavaThread "SimpleAsyncTaskExecutor-185" [_thread_blocked, id=25428, stack(0x0000000020cd0000,0x0000000020dd0000)]
  0x000000001cf5e000 JavaThread "SimpleAsyncTaskExecutor-184" [_thread_blocked, id=9240, stack(0x0000000020bd0000,0x0000000020cd0000)]
  0x000000001cf65000 JavaThread "SimpleAsyncTaskExecutor-183" [_thread_blocked, id=27216, stack(0x0000000025cd0000,0x0000000025dd0000)]
  0x000000001cf5d800 JavaThread "SimpleAsyncTaskExecutor-182" [_thread_blocked, id=13492, stack(0x00000000255d0000,0x00000000256d0000)]
  0x000000001cf5c800 JavaThread "SimpleAsyncTaskExecutor-181" [_thread_blocked, id=14172, stack(0x00000000252d0000,0x00000000253d0000)]
  0x000000001cf63800 JavaThread "SimpleAsyncTaskExecutor-180" [_thread_blocked, id=27860, stack(0x0000000023ed0000,0x0000000023fd0000)]
  0x000000001cf5c000 JavaThread "SimpleAsyncTaskExecutor-179" [_thread_blocked, id=7552, stack(0x00000000245d0000,0x00000000246d0000)]
  0x000000001cf63000 JavaThread "SimpleAsyncTaskExecutor-178" [_thread_blocked, id=1648, stack(0x00000000251d0000,0x00000000252d0000)]
  0x000000001cf62000 JavaThread "SimpleAsyncTaskExecutor-177" [_thread_blocked, id=16516, stack(0x00000000250d0000,0x00000000251d0000)]
  0x000000001cf60800 JavaThread "SimpleAsyncTaskExecutor-176" [_thread_blocked, id=24464, stack(0x0000000024dd0000,0x0000000024ed0000)]
  0x000000001cf61800 JavaThread "SimpleAsyncTaskExecutor-175" [_thread_blocked, id=8556, stack(0x00000000237d0000,0x00000000238d0000)]
  0x000000001cf3d800 JavaThread "SimpleAsyncTaskExecutor-174" [_thread_blocked, id=18972, stack(0x00000000228d0000,0x00000000229d0000)]
  0x000000001cf3c800 JavaThread "SimpleAsyncTaskExecutor-173" [_thread_blocked, id=3084, stack(0x000000001f4d0000,0x000000001f5d0000)]
  0x000000001cf3c000 JavaThread "SimpleAsyncTaskExecutor-172" [_thread_blocked, id=29812, stack(0x00000000230d0000,0x00000000231d0000)]
  0x000000001cf39800 JavaThread "SimpleAsyncTaskExecutor-171" [_thread_blocked, id=28520, stack(0x00000000217d0000,0x00000000218d0000)]
  0x000000001cf3b000 JavaThread "SimpleAsyncTaskExecutor-170" [_thread_blocked, id=6240, stack(0x00000000207d0000,0x00000000208d0000)]
  0x000000001cf32800 JavaThread "SimpleAsyncTaskExecutor-169" [_thread_blocked, id=8216, stack(0x000000001fdd0000,0x000000001fed0000)]
  0x000000001cf36800 JavaThread "SimpleAsyncTaskExecutor-168" [_thread_blocked, id=29952, stack(0x00000000227d0000,0x00000000228d0000)]
  0x000000001cf38000 JavaThread "SimpleAsyncTaskExecutor-167" [_thread_blocked, id=6804, stack(0x00000000222d0000,0x00000000223d0000)]
  0x000000001cf2f000 JavaThread "SimpleAsyncTaskExecutor-166" [_thread_blocked, id=14976, stack(0x000000001f8d0000,0x000000001f9d0000)]
  0x000000001cf35000 JavaThread "SimpleAsyncTaskExecutor-165" [_thread_blocked, id=19392, stack(0x0000000024ed0000,0x0000000024fd0000)]
  0x000000001cf2e000 JavaThread "SimpleAsyncTaskExecutor-164" [_thread_blocked, id=14724, stack(0x0000000024cd0000,0x0000000024dd0000)]
  0x000000001cf31000 JavaThread "SimpleAsyncTaskExecutor-163" [_thread_blocked, id=7824, stack(0x00000000213d0000,0x00000000214d0000)]
  0x000000001cf34000 JavaThread "SimpleAsyncTaskExecutor-162" [_thread_blocked, id=30168, stack(0x00000000229d0000,0x0000000022ad0000)]
  0x000000001cf32000 JavaThread "SimpleAsyncTaskExecutor-161" [_thread_blocked, id=30060, stack(0x00000000249d0000,0x0000000024ad0000)]
  0x000000001cf30800 JavaThread "SimpleAsyncTaskExecutor-160" [_thread_blocked, id=20884, stack(0x00000000226d0000,0x00000000227d0000)]
  0x000000001cf8d800 JavaThread "SimpleAsyncTaskExecutor-159" [_thread_blocked, id=22436, stack(0x00000000205d0000,0x00000000206d0000)]
  0x000000001cf8d000 JavaThread "SimpleAsyncTaskExecutor-158" [_thread_blocked, id=13224, stack(0x00000000238d0000,0x00000000239d0000)]
  0x000000001cf8c000 JavaThread "SimpleAsyncTaskExecutor-157" [_thread_blocked, id=19420, stack(0x000000001fbd0000,0x000000001fcd0000)]
  0x000000001cf87000 JavaThread "SimpleAsyncTaskExecutor-156" [_thread_blocked, id=7376, stack(0x0000000021dd0000,0x0000000021ed0000)]
  0x000000001cf84800 JavaThread "SimpleAsyncTaskExecutor-155" [_thread_blocked, id=15952, stack(0x0000000024ad0000,0x0000000024bd0000)]
  0x000000001cf8a800 JavaThread "SimpleAsyncTaskExecutor-154" [_thread_blocked, id=18596, stack(0x0000000022dd0000,0x0000000022ed0000)]
  0x000000001cf81800 JavaThread "SimpleAsyncTaskExecutor-153" [_thread_blocked, id=7172, stack(0x00000000225d0000,0x00000000226d0000)]
  0x000000001cf80800 JavaThread "SimpleAsyncTaskExecutor-152" [_thread_blocked, id=6392, stack(0x00000000219d0000,0x0000000021ad0000)]
  0x000000001cf87800 JavaThread "SimpleAsyncTaskExecutor-151" [_thread_blocked, id=21904, stack(0x00000000201d0000,0x00000000202d0000)]
  0x000000001cf80000 JavaThread "SimpleAsyncTaskExecutor-150" [_thread_blocked, id=25932, stack(0x00000000211d0000,0x00000000212d0000)]
  0x000000001cf83000 JavaThread "SimpleAsyncTaskExecutor-149" [_thread_blocked, id=26116, stack(0x00000000212d0000,0x00000000213d0000)]
  0x000000001cf85800 JavaThread "SimpleAsyncTaskExecutor-148" [_thread_blocked, id=12648, stack(0x00000000241d0000,0x00000000242d0000)]
  0x000000001cfb1800 JavaThread "SimpleAsyncTaskExecutor-147" [_thread_blocked, id=3604, stack(0x0000000023ad0000,0x0000000023bd0000)]
  0x000000001cfaf800 JavaThread "SimpleAsyncTaskExecutor-146" [_thread_blocked, id=24992, stack(0x00000000208d0000,0x00000000209d0000)]
  0x000000001cfb1000 JavaThread "SimpleAsyncTaskExecutor-145" [_thread_blocked, id=24236, stack(0x0000000023fd0000,0x00000000240d0000)]
  0x000000001cfb0000 JavaThread "SimpleAsyncTaskExecutor-144" [_thread_blocked, id=12912, stack(0x00000000232d0000,0x00000000233d0000)]
  0x000000001cfae800 JavaThread "SimpleAsyncTaskExecutor-143" [_thread_blocked, id=20524, stack(0x00000000218d0000,0x00000000219d0000)]
  0x000000001cfa7000 JavaThread "SimpleAsyncTaskExecutor-142" [_thread_blocked, id=27864, stack(0x000000001ffd0000,0x00000000200d0000)]
  0x000000001cfad000 JavaThread "SimpleAsyncTaskExecutor-141" [_thread_blocked, id=20928, stack(0x0000000020ad0000,0x0000000020bd0000)]
  0x000000001cfac800 JavaThread "SimpleAsyncTaskExecutor-140" [_thread_blocked, id=24292, stack(0x0000000021ad0000,0x0000000021bd0000)]
  0x000000001cfa5000 JavaThread "SimpleAsyncTaskExecutor-139" [_thread_blocked, id=4276, stack(0x00000000206d0000,0x00000000207d0000)]
  0x000000001cfa9800 JavaThread "SimpleAsyncTaskExecutor-138" [_thread_blocked, id=26168, stack(0x00000000233d0000,0x00000000234d0000)]
  0x000000001cfab800 JavaThread "SimpleAsyncTaskExecutor-137" [_thread_blocked, id=26596, stack(0x0000000025bd0000,0x0000000025cd0000)]
  0x000000001b242800 JavaThread "SimpleAsyncTaskExecutor-136" [_thread_blocked, id=15628, stack(0x000000001fed0000,0x000000001ffd0000)]
  0x000000001b245000 JavaThread "SimpleAsyncTaskExecutor-135" [_thread_blocked, id=19816, stack(0x00000000202d0000,0x00000000203d0000)]
  0x000000001b240800 JavaThread "SimpleAsyncTaskExecutor-134" [_thread_blocked, id=29548, stack(0x00000000256d0000,0x00000000257d0000)]
  0x000000001b243800 JavaThread "SimpleAsyncTaskExecutor-133" [_thread_blocked, id=6184, stack(0x0000000023cd0000,0x0000000023dd0000)]
  0x000000001b23f800 JavaThread "SimpleAsyncTaskExecutor-132" [_thread_blocked, id=13820, stack(0x0000000021bd0000,0x0000000021cd0000)]
  0x000000001b23e000 JavaThread "SimpleAsyncTaskExecutor-131" [_thread_blocked, id=10332, stack(0x00000000204d0000,0x00000000205d0000)]
  0x000000001b23b000 JavaThread "SimpleAsyncTaskExecutor-130" [_thread_blocked, id=23760, stack(0x00000000254d0000,0x00000000255d0000)]
  0x000000001b242000 JavaThread "SimpleAsyncTaskExecutor-129" [_thread_blocked, id=26436, stack(0x0000000022ad0000,0x0000000022bd0000)]
  0x000000001b23f000 JavaThread "SimpleAsyncTaskExecutor-128" [_thread_blocked, id=24708, stack(0x00000000209d0000,0x0000000020ad0000)]
  0x000000001b241000 JavaThread "SimpleAsyncTaskExecutor-127" [_thread_blocked, id=28212, stack(0x000000001f9d0000,0x000000001fad0000)]
  0x000000001d01f000 JavaThread "SimpleAsyncTaskExecutor-126" [_thread_blocked, id=15924, stack(0x00000000200d0000,0x00000000201d0000)]
  0x000000001d017800 JavaThread "SimpleAsyncTaskExecutor-125" [_thread_blocked, id=16820, stack(0x0000000024fd0000,0x00000000250d0000)]
  0x000000001d01e000 JavaThread "SimpleAsyncTaskExecutor-124" [_thread_blocked, id=10100, stack(0x00000000244d0000,0x00000000245d0000)]
  0x000000001d01c000 JavaThread "SimpleAsyncTaskExecutor-123" [_thread_blocked, id=15180, stack(0x0000000022fd0000,0x00000000230d0000)]
  0x000000001d01b000 JavaThread "SimpleAsyncTaskExecutor-122" [_thread_blocked, id=21916, stack(0x000000001fad0000,0x000000001fbd0000)]
  0x000000001d016800 JavaThread "SimpleAsyncTaskExecutor-121" [_thread_blocked, id=25124, stack(0x000000001f7d0000,0x000000001f8d0000)]
  0x000000001d01d800 JavaThread "SimpleAsyncTaskExecutor-120" [_thread_blocked, id=15692, stack(0x00000000243d0000,0x00000000244d0000)]
  0x000000001d01c800 JavaThread "SimpleAsyncTaskExecutor-119" [_thread_blocked, id=14848, stack(0x00000000242d0000,0x00000000243d0000)]
  0x000000001d019800 JavaThread "SimpleAsyncTaskExecutor-118" [_thread_blocked, id=2056, stack(0x000000001fcd0000,0x000000001fdd0000)]
  0x000000001d064800 JavaThread "SimpleAsyncTaskExecutor-117" [_thread_blocked, id=26496, stack(0x000000001f3d0000,0x000000001f4d0000)]
  0x000000001d063000 JavaThread "SimpleAsyncTaskExecutor-116" [_thread_blocked, id=30328, stack(0x0000000021cd0000,0x0000000021dd0000)]
  0x000000001d062000 JavaThread "SimpleAsyncTaskExecutor-115" [_thread_blocked, id=27388, stack(0x0000000020fd0000,0x00000000210d0000)]
  0x000000001d061800 JavaThread "SimpleAsyncTaskExecutor-114" [_thread_blocked, id=26840, stack(0x00000000214d0000,0x00000000215d0000)]
  0x000000001d060000 JavaThread "SimpleAsyncTaskExecutor-113" [_thread_blocked, id=5052, stack(0x000000001f5d0000,0x000000001f6d0000)]
  0x000000001d063800 JavaThread "SimpleAsyncTaskExecutor-112" [_thread_blocked, id=30604, stack(0x0000000025ad0000,0x0000000025bd0000)]
  0x000000001d05f000 JavaThread "SimpleAsyncTaskExecutor-111" [_thread_blocked, id=30092, stack(0x00000000248d0000,0x00000000249d0000)]
  0x000000001d060800 JavaThread "SimpleAsyncTaskExecutor-110" [_thread_blocked, id=23200, stack(0x00000000239d0000,0x0000000023ad0000)]
  0x000000001d057800 JavaThread "SimpleAsyncTaskExecutor-109" [_thread_blocked, id=9268, stack(0x00000000236d0000,0x00000000237d0000)]
  0x000000001d05e800 JavaThread "SimpleAsyncTaskExecutor-108" [_thread_blocked, id=27072, stack(0x0000000022ed0000,0x0000000022fd0000)]
  0x000000001d05d800 JavaThread "SimpleAsyncTaskExecutor-107" [_thread_blocked, id=1336, stack(0x0000000020ed0000,0x0000000020fd0000)]
  0x000000001d056000 JavaThread "SimpleAsyncTaskExecutor-106" [_thread_blocked, id=7800, stack(0x00000000220d0000,0x00000000221d0000)]
  0x000000001d05d000 JavaThread "SimpleAsyncTaskExecutor-105" [_thread_blocked, id=14048, stack(0x000000001edd0000,0x000000001eed0000)]
  0x000000001d055800 JavaThread "SimpleAsyncTaskExecutor-104" [_thread_blocked, id=27628, stack(0x000000001c800000,0x000000001c900000)]
  0x000000001d05b800 JavaThread "SimpleAsyncTaskExecutor-103" [_thread_blocked, id=27136, stack(0x000000001bf00000,0x000000001c000000)]
  0x000000001d057000 JavaThread "SimpleAsyncTaskExecutor-102" [_thread_blocked, id=8552, stack(0x0000000002890000,0x0000000002990000)]
  0x000000001d058800 JavaThread "DestroyJavaVM" [_thread_blocked, id=9948, stack(0x0000000002d70000,0x0000000002e70000)]
  0x000000001d05a800 JavaThread "http-nio-31450-AsyncTimeout" daemon [_thread_blocked, id=26740, stack(0x00000000275d0000,0x00000000276d0000)]
  0x000000001d05c000 JavaThread "http-nio-31450-Acceptor-0" daemon [_thread_in_native, id=212, stack(0x00000000274d0000,0x00000000275d0000)]
  0x000000001d059000 JavaThread "http-nio-31450-ClientPoller-1" daemon [_thread_in_native, id=13680, stack(0x00000000273d0000,0x00000000274d0000)]
  0x000000001d025800 JavaThread "http-nio-31450-ClientPoller-0" daemon [_thread_in_native, id=28528, stack(0x00000000272d0000,0x00000000273d0000)]
  0x000000001d022000 JavaThread "http-nio-31450-exec-10" daemon [_thread_blocked, id=18248, stack(0x00000000271d0000,0x00000000272d0000)]
  0x000000001d024000 JavaThread "http-nio-31450-exec-9" daemon [_thread_blocked, id=28416, stack(0x00000000270d0000,0x00000000271d0000)]
  0x000000001d021000 JavaThread "http-nio-31450-exec-8" daemon [_thread_blocked, id=2860, stack(0x0000000026fd0000,0x00000000270d0000)]
  0x000000001d023800 JavaThread "http-nio-31450-exec-7" daemon [_thread_blocked, id=14544, stack(0x0000000026ed0000,0x0000000026fd0000)]
  0x000000001d022800 JavaThread "http-nio-31450-exec-6" daemon [_thread_blocked, id=11812, stack(0x0000000026dd0000,0x0000000026ed0000)]
  0x000000001d025000 JavaThread "http-nio-31450-exec-5" daemon [_thread_blocked, id=8, stack(0x0000000026cd0000,0x0000000026dd0000)]
  0x000000001d020800 JavaThread "http-nio-31450-exec-4" daemon [_thread_blocked, id=2532, stack(0x0000000026bd0000,0x0000000026cd0000)]
  0x000000001d019000 JavaThread "http-nio-31450-exec-3" daemon [_thread_blocked, id=7856, stack(0x0000000026ad0000,0x0000000026bd0000)]
  0x000000001d01f800 JavaThread "http-nio-31450-exec-2" daemon [_thread_blocked, id=15012, stack(0x00000000269d0000,0x0000000026ad0000)]
  0x000000001d018000 JavaThread "http-nio-31450-exec-1" daemon [_thread_blocked, id=4348, stack(0x00000000268d0000,0x00000000269d0000)]
  0x000000001d01a800 JavaThread "NioBlockingSelector.BlockPoller-1" daemon [_thread_in_native, id=9460, stack(0x00000000267d0000,0x00000000268d0000)]
  0x000000001b23d800 JavaThread "spring.cloud.inetutils" daemon [_thread_blocked, id=21080, stack(0x000000001f0d0000,0x000000001f1d0000)]
  0x000000001b23c800 JavaThread "CleanCursors-1-thread-1" daemon [_thread_blocked, id=10648, stack(0x000000001e9d0000,0x000000001ead0000)]
  0x000000001b23c000 JavaThread "cluster-ClusterId{value='5ed4a0fb39417b5018726e78', description='null'}-localhost:27017" daemon [_thread_blocked, id=16116, stack(0x000000001e8d0000,0x000000001e9d0000)]
  0x000000001b239800 JavaThread "container-0" [_thread_blocked, id=15256, stack(0x000000001e4d0000,0x000000001e5d0000)]
  0x000000001b23a800 JavaThread "ContainerBackgroundProcessor[StandardEngine[Tomcat]]" daemon [_thread_blocked, id=14488, stack(0x000000001e3d0000,0x000000001e4d0000)]
  0x0000000019827000 JavaThread "AsyncAppender-Worker-ASYNC" daemon [_thread_blocked, id=27652, stack(0x000000001c200000,0x000000001c300000)]
  0x000000001ae24000 JavaThread "AsyncAppender-Worker-ASYNC" daemon [_thread_blocked, id=8632, stack(0x000000001c300000,0x000000001c400000)]
  0x000000001ad0e800 JavaThread "RMI Scheduler(0)" daemon [_thread_blocked, id=19464, stack(0x000000001b800000,0x000000001b900000)]
  0x0000000019a3d000 JavaThread "RMI TCP Accept-0" daemon [_thread_in_native, id=19780, stack(0x000000001a320000,0x000000001a420000)]
  0x00000000197d4000 JavaThread "Service Thread" daemon [_thread_blocked, id=22904, stack(0x000000001a070000,0x000000001a170000)]
=>0x00000000197d3000 JavaThread "C1 CompilerThread2" daemon [_thread_in_native, id=23820, stack(0x0000000019f70000,0x000000001a070000)]
  0x0000000019773000 JavaThread "C2 CompilerThread1" daemon [_thread_blocked, id=5692, stack(0x0000000019e70000,0x0000000019f70000)]
  0x0000000019772000 JavaThread "C2 CompilerThread0" daemon [_thread_blocked, id=8704, stack(0x0000000019d70000,0x0000000019e70000)]
  0x0000000019771000 JavaThread "Monitor Ctrl-Break" daemon [_thread_in_native, id=28128, stack(0x0000000019c70000,0x0000000019d70000)]
  0x0000000017b7e000 JavaThread "Attach Listener" daemon [_thread_blocked, id=9052, stack(0x0000000019370000,0x0000000019470000)]
  0x0000000017b7d800 JavaThread "Signal Dispatcher" daemon [_thread_blocked, id=27716, stack(0x0000000019270000,0x0000000019370000)]
  0x0000000017b10000 JavaThread "Finalizer" daemon [_thread_blocked, id=12084, stack(0x0000000018d70000,0x0000000018e70000)]
  0x0000000017b09000 JavaThread "Reference Handler" daemon [_thread_blocked, id=15996, stack(0x0000000018c70000,0x0000000018d70000)]

Other Threads:
  0x0000000017ae7800 VMThread [stack: 0x0000000018b70000,0x0000000018c70000] [id=11680]
  0x0000000019a4e800 WatcherThread [stack: 0x000000001a530000,0x000000001a630000] [id=28260]

VM state:not at safepoint (normal execution)

VM Mutex/Monitor currently owned by a thread: None

heap address: 0x0000000082600000, size: 2010 MB, Compressed Oops mode: 32-bit
Narrow klass base: 0x0000000000000000, Narrow klass shift: 3
Compressed class space size: 1073741824 Address: 0x0000000100000000

Heap:
 PSYoungGen      total 389120K, used 104436K [0x00000000d6200000, 0x00000000ef900000, 0x0000000100000000)
  eden space 381440K, 25% used [0x00000000d6200000,0x00000000dc0ee318,0x00000000ed680000)
  from space 7680K, 94% used [0x00000000ef180000,0x00000000ef88edb0,0x00000000ef900000)
  to   space 16384K, 0% used [0x00000000ed900000,0x00000000ed900000,0x00000000ee900000)
 ParOldGen       total 81408K, used 30332K [0x0000000082600000, 0x0000000087580000, 0x00000000d6200000)
  object space 81408K, 37% used [0x0000000082600000,0x000000008439f3f8,0x0000000087580000)
 Metaspace       used 45454K, capacity 47990K, committed 48216K, reserved 1091584K
  class space    used 6311K, capacity 6780K, committed 6784K, reserved 1048576K

Card table byte_map: [0x0000000012430000,0x0000000012820000] byte_map_base: 0x000000001201d000

Marking Bits: (ParMarkBitMap*) 0x000000006eb55ce0
 Begin Bits: [0x0000000012ec0000, 0x0000000014e28000)
 End Bits:   [0x0000000014e28000, 0x0000000016d90000)

Polling page: 0x00000000007f0000

CodeCache: size=245760Kb used=10784Kb max_used=10784Kb free=234975Kb
 bounds [0x0000000003070000, 0x0000000003b00000, 0x0000000012070000]
 total_blobs=5825 nmethods=5342 adapters=394
 compilation: enabled

Compilation events (10 events):
Event: 724.285 Thread 0x00000000197d3000 nmethod 5450 0x0000000003af9150 code [0x0000000003af92c0, 0x0000000003af94b8]
Event: 726.288 Thread 0x00000000197d3000 5451  s    1       java.io.FileDescriptor::attach (73 bytes)
Event: 726.291 Thread 0x00000000197d3000 nmethod 5451 0x0000000003af9650 code [0x0000000003af97e0, 0x0000000003af9ce8]
Event: 726.291 Thread 0x00000000197d3000 5452       1       java.net.SocksSocketImpl::getInetAddress (20 bytes)
Event: 726.292 Thread 0x00000000197d3000 nmethod 5452 0x0000000003af9f90 code [0x0000000003afa100, 0x0000000003afa268]
Event: 726.295 Thread 0x00000000197d3000 5453       1       java.lang.StringCoding::safeTrim (24 bytes)
Event: 726.296 Thread 0x00000000197d3000 nmethod 5453 0x0000000003afa390 code [0x0000000003afa500, 0x0000000003afa768]
Event: 726.383 Thread 0x00000000197d3000 5454  s    1       com.rabbitmq.utility.BlockingCell::set (32 bytes)
Event: 726.383 Thread 0x00000000197d3000 nmethod 5454 0x0000000003afa850 code [0x0000000003afa9c0, 0x0000000003afad18]
Event: 726.384 Thread 0x00000000197d3000 5455       1       com.rabbitmq.client.impl.AMQImpl::readMethodFrom (2192 bytes)

GC Heap History (10 events):
Event: 23.976 GC heap before
{Heap before GC invocations=10 (full 1):
 PSYoungGen      total 215040K, used 215014K [0x00000000d6200000, 0x00000000e4c80000, 0x0000000100000000)
  eden space 204288K, 100% used [0x00000000d6200000,0x00000000e2980000,0x00000000e2980000)
  from space 10752K, 99% used [0x00000000e3600000,0x00000000e40798b0,0x00000000e4080000)
  to   space 12800K, 0% used [0x00000000e2980000,0x00000000e2980000,0x00000000e3600000)
 ParOldGen       total 54272K, used 11289K [0x0000000082600000, 0x0000000085b00000, 0x00000000d6200000)
  object space 54272K, 20% used [0x0000000082600000,0x00000000831066b0,0x0000000085b00000)
 Metaspace       used 32921K, capacity 34528K, committed 34816K, reserved 1079296K
  class space    used 4482K, capacity 4824K, committed 4864K, reserved 1048576K
Event: 24.020 GC heap after
Heap after GC invocations=10 (full 1):
 PSYoungGen      total 217088K, used 12794K [0x00000000d6200000, 0x00000000e9c80000, 0x0000000100000000)
  eden space 204288K, 0% used [0x00000000d6200000,0x00000000d6200000,0x00000000e2980000)
  from space 12800K, 99% used [0x00000000e2980000,0x00000000e35feaa8,0x00000000e3600000)
  to   space 14848K, 0% used [0x00000000e8e00000,0x00000000e8e00000,0x00000000e9c80000)
 ParOldGen       total 54272K, used 13001K [0x0000000082600000, 0x0000000085b00000, 0x00000000d6200000)
  object space 54272K, 23% used [0x0000000082600000,0x00000000832b2490,0x0000000085b00000)
 Metaspace       used 32921K, capacity 34528K, committed 34816K, reserved 1079296K
  class space    used 4482K, capacity 4824K, committed 4864K, reserved 1048576K
}
Event: 24.562 GC heap before
{Heap before GC invocations=11 (full 1):
 PSYoungGen      total 217088K, used 34099K [0x00000000d6200000, 0x00000000e9c80000, 0x0000000100000000)
  eden space 204288K, 10% used [0x00000000d6200000,0x00000000d76ce4b8,0x00000000e2980000)
  from space 12800K, 99% used [0x00000000e2980000,0x00000000e35feaa8,0x00000000e3600000)
  to   space 14848K, 0% used [0x00000000e8e00000,0x00000000e8e00000,0x00000000e9c80000)
 ParOldGen       total 54272K, used 13001K [0x0000000082600000, 0x0000000085b00000, 0x00000000d6200000)
  object space 54272K, 23% used [0x0000000082600000,0x00000000832b2490,0x0000000085b00000)
 Metaspace       used 33742K, capacity 35342K, committed 35416K, reserved 1079296K
  class space    used 4593K, capacity 4923K, committed 4992K, reserved 1048576K
Event: 24.579 GC heap after
Heap after GC invocations=11 (full 1):
 PSYoungGen      total 307200K, used 5871K [0x00000000d6200000, 0x00000000ea400000, 0x0000000100000000)
  eden space 292352K, 0% used [0x00000000d6200000,0x00000000d6200000,0x00000000e7f80000)
  from space 14848K, 39% used [0x00000000e8e00000,0x00000000e93bbc60,0x00000000e9c80000)
  to   space 14848K, 0% used [0x00000000e7f80000,0x00000000e7f80000,0x00000000e8e00000)
 ParOldGen       total 54272K, used 19046K [0x0000000082600000, 0x0000000085b00000, 0x00000000d6200000)
  object space 54272K, 35% used [0x0000000082600000,0x00000000838999b8,0x0000000085b00000)
 Metaspace       used 33742K, capacity 35342K, committed 35416K, reserved 1079296K
  class space    used 4593K, capacity 4923K, committed 4992K, reserved 1048576K
}
Event: 24.580 GC heap before
{Heap before GC invocations=12 (full 2):
 PSYoungGen      total 307200K, used 5871K [0x00000000d6200000, 0x00000000ea400000, 0x0000000100000000)
  eden space 292352K, 0% used [0x00000000d6200000,0x00000000d6200000,0x00000000e7f80000)
  from space 14848K, 39% used [0x00000000e8e00000,0x00000000e93bbc60,0x00000000e9c80000)
  to   space 14848K, 0% used [0x00000000e7f80000,0x00000000e7f80000,0x00000000e8e00000)
 ParOldGen       total 54272K, used 19046K [0x0000000082600000, 0x0000000085b00000, 0x00000000d6200000)
  object space 54272K, 35% used [0x0000000082600000,0x00000000838999b8,0x0000000085b00000)
 Metaspace       used 33742K, capacity 35342K, committed 35416K, reserved 1079296K
  class space    used 4593K, capacity 4923K, committed 4992K, reserved 1048576K
Event: 24.815 GC heap after
Heap after GC invocations=12 (full 2):
 PSYoungGen      total 307200K, used 0K [0x00000000d6200000, 0x00000000ea400000, 0x0000000100000000)
  eden space 292352K, 0% used [0x00000000d6200000,0x00000000d6200000,0x00000000e7f80000)
  from space 14848K, 0% used [0x00000000e8e00000,0x00000000e8e00000,0x00000000e9c80000)
  to   space 14848K, 0% used [0x00000000e7f80000,0x00000000e7f80000,0x00000000e8e00000)
 ParOldGen       total 81408K, used 21201K [0x0000000082600000, 0x0000000087580000, 0x00000000d6200000)
  object space 81408K, 26% used [0x0000000082600000,0x0000000083ab4650,0x0000000087580000)
 Metaspace       used 33742K, capacity 35342K, committed 35416K, reserved 1079296K
  class space    used 4593K, capacity 4923K, committed 4992K, reserved 1048576K
}
Event: 39.616 GC heap before
{Heap before GC invocations=13 (full 2):
 PSYoungGen      total 307200K, used 292352K [0x00000000d6200000, 0x00000000ea400000, 0x0000000100000000)
  eden space 292352K, 100% used [0x00000000d6200000,0x00000000e7f80000,0x00000000e7f80000)
  from space 14848K, 0% used [0x00000000e8e00000,0x00000000e8e00000,0x00000000e9c80000)
  to   space 14848K, 0% used [0x00000000e7f80000,0x00000000e7f80000,0x00000000e8e00000)
 ParOldGen       total 81408K, used 21201K [0x0000000082600000, 0x0000000087580000, 0x00000000d6200000)
  object space 81408K, 26% used [0x0000000082600000,0x0000000083ab4650,0x0000000087580000)
 Metaspace       used 41608K, capacity 43898K, committed 44120K, reserved 1087488K
  class space    used 5753K, capacity 6173K, committed 6272K, reserved 1048576K
Event: 39.716 GC heap after
Heap after GC invocations=13 (full 2):
 PSYoungGen      total 307200K, used 14845K [0x00000000d6200000, 0x00000000f0200000, 0x0000000100000000)
  eden space 292352K, 0% used [0x00000000d6200000,0x00000000d6200000,0x00000000e7f80000)
  from space 14848K, 99% used [0x00000000e7f80000,0x00000000e8dff578,0x00000000e8e00000)
  to   space 16896K, 0% used [0x00000000ef180000,0x00000000ef180000,0x00000000f0200000)
 ParOldGen       total 81408K, used 21592K [0x0000000082600000, 0x0000000087580000, 0x00000000d6200000)
  object space 81408K, 26% used [0x0000000082600000,0x0000000083b163b8,0x0000000087580000)
 Metaspace       used 41608K, capacity 43898K, committed 44120K, reserved 1087488K
  class space    used 5753K, capacity 6173K, committed 6272K, reserved 1048576K
}
Event: 55.671 GC heap before
{Heap before GC invocations=14 (full 2):
 PSYoungGen      total 307200K, used 307197K [0x00000000d6200000, 0x00000000f0200000, 0x0000000100000000)
  eden space 292352K, 100% used [0x00000000d6200000,0x00000000e7f80000,0x00000000e7f80000)
  from space 14848K, 99% used [0x00000000e7f80000,0x00000000e8dff578,0x00000000e8e00000)
  to   space 16896K, 0% used [0x00000000ef180000,0x00000000ef180000,0x00000000f0200000)
 ParOldGen       total 81408K, used 21592K [0x0000000082600000, 0x0000000087580000, 0x00000000d6200000)
  object space 81408K, 26% used [0x0000000082600000,0x0000000083b163b8,0x0000000087580000)
 Metaspace       used 45305K, capacity 47850K, committed 47960K, reserved 1091584K
  class space    used 6282K, capacity 6738K, committed 6784K, reserved 1048576K
Event: 55.705 GC heap after
Heap after GC invocations=14 (full 2):
 PSYoungGen      total 389120K, used 7227K [0x00000000d6200000, 0x00000000ef900000, 0x0000000100000000)
  eden space 381440K, 0% used [0x00000000d6200000,0x00000000d6200000,0x00000000ed680000)
  from space 7680K, 94% used [0x00000000ef180000,0x00000000ef88edb0,0x00000000ef900000)
  to   space 16384K, 0% used [0x00000000ed900000,0x00000000ed900000,0x00000000ee900000)
 ParOldGen       total 81408K, used 30332K [0x0000000082600000, 0x0000000087580000, 0x00000000d6200000)
  object space 81408K, 37% used [0x0000000082600000,0x000000008439f3f8,0x0000000087580000)
 Metaspace       used 45305K, capacity 47850K, committed 47960K, reserved 1091584K
  class space    used 6282K, capacity 6738K, committed 6784K, reserved 1048576K
}

Deoptimization events (0 events):
No events

Classes redefined (0 events):
No events

Internal exceptions (10 events):
Event: 716.074 Thread 0x000000001cfb0000 Exception <a 'java/lang/NullPointerException'> (0x00000000dbf2b448) thrown at [C:\re\workspace\8-2-build-windows-amd64-cygwin\jdk8u221\13320\hotspot\src\share\vm\interpreter\linkResolver.cpp, line 1287]
Event: 716.074 Thread 0x000000001cfb0000 Exception <a 'java/lang/NullPointerException'> (0x00000000dbf2d478) thrown at [C:\re\workspace\8-2-build-windows-amd64-cygwin\jdk8u221\13320\hotspot\src\share\vm\interpreter\linkResolver.cpp, line 1287]
Event: 716.074 Thread 0x000000001cfb0000 Exception <a 'java/lang/NullPointerException'> (0x00000000dbf2eb28) thrown at [C:\re\workspace\8-2-build-windows-amd64-cygwin\jdk8u221\13320\hotspot\src\share\vm\interpreter\linkResolver.cpp, line 1287]
Event: 716.074 Thread 0x000000001cfb0000 Exception <a 'java/lang/NullPointerException'> (0x00000000dbf301d8) thrown at [C:\re\workspace\8-2-build-windows-amd64-cygwin\jdk8u221\13320\hotspot\src\share\vm\interpreter\linkResolver.cpp, line 1287]
Event: 716.075 Thread 0x000000001cfb0000 Exception <a 'java/lang/NullPointerException'> (0x00000000dbf31888) thrown at [C:\re\workspace\8-2-build-windows-amd64-cygwin\jdk8u221\13320\hotspot\src\share\vm\interpreter\linkResolver.cpp, line 1287]
Event: 717.835 Thread 0x000000001b23c000 Exception <a 'java/net/ConnectException': Connection refused: connect> (0x00000000db396000) thrown at [C:\re\workspace\8-2-build-windows-amd64-cygwin\jdk8u221\13320\hotspot\src\share\vm\prims\jni.cpp, line 736]
Event: 718.257 Thread 0x000000001d05a000 Exception <a 'java/net/ConnectException': Connection refused: connect> (0x00000000dbfd4d60) thrown at [C:\re\workspace\8-2-build-windows-amd64-cygwin\jdk8u221\13320\hotspot\src\share\vm\prims\jni.cpp, line 736]
Event: 720.274 Thread 0x000000001d05a000 Exception <a 'java/net/ConnectException': Connection refused: connect> (0x00000000dc010748) thrown at [C:\re\workspace\8-2-build-windows-amd64-cygwin\jdk8u221\13320\hotspot\src\share\vm\prims\jni.cpp, line 736]
Event: 722.278 Thread 0x000000001cfa3800 Exception <a 'java/net/ConnectException': Connection refused: connect> (0x00000000dc025fd8) thrown at [C:\re\workspace\8-2-build-windows-amd64-cygwin\jdk8u221\13320\hotspot\src\share\vm\prims\jni.cpp, line 736]
Event: 724.283 Thread 0x000000001cfa3800 Exception <a 'java/net/ConnectException': Connection refused: connect> (0x00000000dc046900) thrown at [C:\re\workspace\8-2-build-windows-amd64-cygwin\jdk8u221\13320\hotspot\src\share\vm\prims\jni.cpp, line 736]

Events (10 events):
Event: 720.274 loading class org/springframework/amqp/AmqpAuthenticationException
Event: 720.274 loading class org/springframework/amqp/AmqpAuthenticationException done
Event: 725.287 loading class org/springframework/amqp/AmqpIOException
Event: 725.287 loading class org/springframework/amqp/AmqpIOException done
Event: 725.291 Thread 0x000000001cfab000 Thread added: 0x000000001cfab000
Event: 725.291 Thread 0x000000001d05a000 Thread exited: 0x000000001d05a000
Event: 726.291 Thread 0x000000001cfa6800 Thread added: 0x000000001cfa6800
Event: 726.298 Thread 0x000000001cfae000 Thread added: 0x000000001cfae000
Event: 726.381 Executing VM operation: RevokeBias
Event: 726.381 Executing VM operation: RevokeBias done


Dynamic libraries:
0x00007ff7f9480000 - 0x00007ff7f94b7000 	D:\Java\jdk\bin\java.exe
0x00007ff984180000 - 0x00007ff984370000 	C:\WINDOWS\SYSTEM32\ntdll.dll
0x00007ff983d20000 - 0x00007ff983dd2000 	C:\WINDOWS\System32\KERNEL32.DLL
0x00007ff981750000 - 0x00007ff9819f4000 	C:\WINDOWS\System32\KERNELBASE.dll
0x00007ff983c70000 - 0x00007ff983d13000 	C:\WINDOWS\System32\ADVAPI32.dll
0x00007ff983510000 - 0x00007ff9835ae000 	C:\WINDOWS\System32\msvcrt.dll
0x00007ff9840a0000 - 0x00007ff984137000 	C:\WINDOWS\System32\sechost.dll
0x00007ff982550000 - 0x00007ff982670000 	C:\WINDOWS\System32\RPCRT4.dll
0x00007ff982b00000 - 0x00007ff982c94000 	C:\WINDOWS\System32\USER32.dll
0x00007ff981140000 - 0x00007ff981161000 	C:\WINDOWS\System32\win32u.dll
0x00007ff983e40000 - 0x00007ff983e66000 	C:\WINDOWS\System32\GDI32.dll
0x00007ff9812a0000 - 0x00007ff981434000 	C:\WINDOWS\System32\gdi32full.dll
0x00007ff9815b0000 - 0x00007ff98164e000 	C:\WINDOWS\System32\msvcp_win.dll
0x00007ff981650000 - 0x00007ff98174a000 	C:\WINDOWS\System32\ucrtbase.dll
0x00007ff97e760000 - 0x00007ff97e9e4000 	C:\WINDOWS\WinSxS\amd64_microsoft.windows.common-controls_6595b64144ccf1df_6.0.18362.836_none_e6c4b943130f18ed\COMCTL32.dll
0x00007ff982710000 - 0x00007ff982a46000 	C:\WINDOWS\System32\combase.dll
0x00007ff981220000 - 0x00007ff9812a0000 	C:\WINDOWS\System32\bcryptPrimitives.dll
0x00007ff982520000 - 0x00007ff98254e000 	C:\WINDOWS\System32\IMM32.DLL
0x000000006ebe0000 - 0x000000006ecb2000 	D:\Java\jdk\jre\bin\msvcr100.dll
0x000000006e330000 - 0x000000006ebd5000 	D:\Java\jdk\jre\bin\server\jvm.dll
0x00007ff982300000 - 0x00007ff982308000 	C:\WINDOWS\System32\PSAPI.DLL
0x00007ff96b9b0000 - 0x00007ff96b9b9000 	C:\WINDOWS\SYSTEM32\WSOCK32.dll
0x00007ff983fb0000 - 0x00007ff98401f000 	C:\WINDOWS\System32\WS2_32.dll
0x00007ff980500000 - 0x00007ff98050a000 	C:\WINDOWS\SYSTEM32\VERSION.dll
0x00007ff97d260000 - 0x00007ff97d284000 	C:\WINDOWS\SYSTEM32\WINMM.dll
0x00007ff97d230000 - 0x00007ff97d25d000 	C:\WINDOWS\SYSTEM32\winmmbase.dll
0x00007ff981170000 - 0x00007ff9811ba000 	C:\WINDOWS\System32\cfgmgr32.dll
0x00007ff978ba0000 - 0x00007ff978baf000 	D:\Java\jdk\jre\bin\verify.dll
0x00007ff96ff00000 - 0x00007ff96ff29000 	D:\Java\jdk\jre\bin\java.dll
0x00007ff972d80000 - 0x00007ff972da3000 	D:\Java\jdk\jre\bin\instrument.dll
0x00007ff970e70000 - 0x00007ff970e86000 	D:\Java\jdk\jre\bin\zip.dll
0x00007ff982e20000 - 0x00007ff983504000 	C:\WINDOWS\System32\SHELL32.dll
0x00007ff982a50000 - 0x00007ff982af9000 	C:\WINDOWS\System32\shcore.dll
0x00007ff981ab0000 - 0x00007ff98222e000 	C:\WINDOWS\System32\windows.storage.dll
0x00007ff9810e0000 - 0x00007ff981103000 	C:\WINDOWS\System32\profapi.dll
0x00007ff981090000 - 0x00007ff9810da000 	C:\WINDOWS\System32\powrprof.dll
0x00007ff981040000 - 0x00007ff981050000 	C:\WINDOWS\System32\UMPDC.dll
0x00007ff983660000 - 0x00007ff9836b2000 	C:\WINDOWS\System32\shlwapi.dll
0x00007ff981070000 - 0x00007ff981081000 	C:\WINDOWS\System32\kernel.appcore.dll
0x00007ff981590000 - 0x00007ff9815a7000 	C:\WINDOWS\System32\cryptsp.dll
0x00007ff972bc0000 - 0x00007ff972bda000 	D:\Software_IT\Idea2019.3.2\IntelliJ IDEA 2019.3.2\bin\breakgen64.dll
0x00007ff95d010000 - 0x00007ff95d02a000 	D:\Java\jdk\jre\bin\net.dll
0x00007ff971630000 - 0x00007ff971806000 	C:\WINDOWS\SYSTEM32\urlmon.dll
0x00007ff971f20000 - 0x00007ff9721c6000 	C:\WINDOWS\SYSTEM32\iertutil.dll
0x00007ff980650000 - 0x00007ff98065c000 	C:\WINDOWS\SYSTEM32\CRYPTBASE.DLL
0x00007ff962980000 - 0x00007ff962996000 	C:\WINDOWS\system32\PrxerDrv.dll
0x00007ff9803b0000 - 0x00007ff980417000 	C:\WINDOWS\system32\mswsock.dll
0x00007ff96ba00000 - 0x00007ff96ba12000 	C:\WINDOWS\system32\PrxerNsp.dll
0x00007ff980110000 - 0x00007ff9801db000 	C:\WINDOWS\SYSTEM32\DNSAPI.dll
0x00007ff982e10000 - 0x00007ff982e18000 	C:\WINDOWS\System32\NSI.dll
0x00007ff9800d0000 - 0x00007ff98010a000 	C:\WINDOWS\SYSTEM32\IPHLPAPI.DLL
0x00007ff9740f0000 - 0x00007ff9740fa000 	C:\Windows\System32\rasadhlp.dll
0x00007ff973ef0000 - 0x00007ff973f67000 	C:\WINDOWS\System32\fwpuclnt.dll
0x00007ff981110000 - 0x00007ff981136000 	C:\WINDOWS\System32\bcrypt.dll
0x00007ff972510000 - 0x00007ff97251d000 	D:\Java\jdk\jre\bin\management.dll
0x00007ff95cff0000 - 0x00007ff95d002000 	D:\Java\jdk\jre\bin\nio.dll
0x00007ff97ff30000 - 0x00007ff97ff63000 	C:\WINDOWS\system32\rsaenh.dll
0x00007ff980f60000 - 0x00007ff980f85000 	C:\WINDOWS\SYSTEM32\USERENV.dll
0x00007ff974260000 - 0x00007ff974276000 	C:\WINDOWS\SYSTEM32\dhcpcsvc6.DLL
0x00007ff974240000 - 0x00007ff97425c000 	C:\WINDOWS\SYSTEM32\dhcpcsvc.DLL
0x00007ff96b9e0000 - 0x00007ff96b9f6000 	C:\WINDOWS\system32\napinsp.dll
0x00007ff96b9c0000 - 0x00007ff96b9da000 	C:\WINDOWS\system32\pnrpnsp.dll
0x00007ff96f3f0000 - 0x00007ff96f3fe000 	C:\WINDOWS\System32\winrnr.dll
0x00007ff97cde0000 - 0x00007ff97cdfc000 	C:\WINDOWS\system32\NLAapi.dll
0x00007ff97b920000 - 0x00007ff97b935000 	C:\WINDOWS\system32\wshbth.dll
0x00007ff972b60000 - 0x00007ff972b84000 	D:\Java\jdk\jre\bin\sunec.dll

VM Arguments:
jvm_args: -XX:TieredStopAtLevel=1 -Xverify:none -Dspring.output.ansi.enabled=always -Dcom.sun.management.jmxremote -Dspring.jmx.enabled=true -Dspring.liveBeansView.mbeanDomain -Dspring.application.admin.enabled=true -javaagent:D:\Software_IT\Idea2019.3.2\IntelliJ IDEA 2019.3.2\lib\idea_rt.jar=45660:D:\Software_IT\Idea2019.3.2\IntelliJ IDEA 2019.3.2\bin -Dfile.encoding=UTF-8 
java_command: com.xuecheng.manage_media_process.ManageMediaProcessorApplication
java_class_path (initial): D:\Java\jdk\jre\lib\charsets.jar;D:\Java\jdk\jre\lib\deploy.jar;D:\Java\jdk\jre\lib\ext\access-bridge-64.jar;D:\Java\jdk\jre\lib\ext\cldrdata.jar;D:\Java\jdk\jre\lib\ext\dnsns.jar;D:\Java\jdk\jre\lib\ext\jaccess.jar;D:\Java\jdk\jre\lib\ext\jfxrt.jar;D:\Java\jdk\jre\lib\ext\localedata.jar;D:\Java\jdk\jre\lib\ext\nashorn.jar;D:\Java\jdk\jre\lib\ext\sunec.jar;D:\Java\jdk\jre\lib\ext\sunjce_provider.jar;D:\Java\jdk\jre\lib\ext\sunmscapi.jar;D:\Java\jdk\jre\lib\ext\sunpkcs11.jar;D:\Java\jdk\jre\lib\ext\zipfs.jar;D:\Java\jdk\jre\lib\javaws.jar;D:\Java\jdk\jre\lib\jce.jar;D:\Java\jdk\jre\lib\jfr.jar;D:\Java\jdk\jre\lib\jfxswt.jar;D:\Java\jdk\jre\lib\jsse.jar;D:\Java\jdk\jre\lib\management-agent.jar;D:\Java\jdk\jre\lib\plugin.jar;D:\Java\jdk\jre\lib\resources.jar;D:\Java\jdk\jre\lib\rt.jar;D:\Xuecheng_Project\xcEduService01\xc-service-manage-media-processor\target\classes;D:\Xuecheng_Project\xcEduService01\xc-service-api\target\classes;D:\maven_repository\commons-fileupload\commons-fileupload\1.3.3\commons-fileupload-1.3.3.jar;D:\maven_repository\org\springframework\boot\spring-boot-starter-web\2.0.1.RELEASE\spring-boot-starter-web-2.0.1.RELEASE.jar;D:\maven_repository\org\springframework\boot\spring-boot-starter-json\2.0.1.RELEASE\spring-boot-starter-json-2.0.1.RELEASE.jar;D:\maven_repository\com\fasterxml\jackson\core\jackson-databind\2.9.5\jackson-databind-2.9.5.jar;D:\maven_repository\com\fasterxml\jackson\core\jackson-core\2.9.5\jackson-core-2.9.5.jar;D:\maven_repository\com\fasterxml\jackson\datatype\jackson-datatype-jdk8\2.9.5\jackson-datatype-jdk8-2.9.5.jar;D:\maven_repository\com\fasterxml\jackson\datatype\jackson-datatype-jsr310\2.9.5\jackson-datatype-jsr310-2.9.5.jar;D:\maven_repository\com\fasterxml\jackson\module\jackson-module-parameter-names\2.9.5\jackson-module-parameter-names-2.9.5.jar;D:\maven_repository\org\springframework\boot\spring-boot-starter-tomcat\2.0.1.RELEASE\spring-boot-starter-tomcat-2.0.1.RELEASE.jar;D:\maven_repos
Launcher Type: SUN_STANDARD

Environment Variables:
JAVA_HOME=D:\Java\jdk
CLASSPATH=.;D:\Java\jdk/lib/dt.jar;D:\Java\jdk/lib/tools.jar;%JMETER_HOME%\lib\ext\ApacheJMeter_core.jar; %JMETER_HOME%\lib\jorphan.jar;
PATH=D:\Software_IT\OpenSSL\OpenSSL-Win64\bin;D:\Environment_IT\oracle11g\product\11.2.0\dbhome_1\bin;C:\WINDOWS\system32;C:\WINDOWS;C:\WINDOWS\System32\Wbem;C:\WINDOWS\System32\WindowsPowerShell\v1.0\;D:\Java\jdk\bin;D:\Java\jdk\jre\bin;D:\Environment_IT\Python3.8;D:\Environment_IT\Python3.8\Scripts;D:\Environment_IT\apache-maven-3.6.1-bin\apache-maven-3.6.1\bin;D:\Software_IT\Devc++\Dev-Cpp\MinGW64;D:\Environment_IT\Node.js\;C:\Program Files (x86)\MySQL\MySQL Fabric 1.5 & MySQL Utilities 1.5\;C:\Program Files (x86)\MySQL\MySQL Fabric 1.5 & MySQL Utilities 1.5\Doctrine extensions for PHP\;C:\Program Files\MySQL\MySQL Server 5.7\bin;D:\Environment_IT\Node.js\node_global;D:\Environment_IT\Node.js\node_modules;D:\Environment_IT\Rabbitmq3715\rabbitmq_server-3.7.15\sbin;C:\WINDOWS\System32\OpenSSH\;D:\Environment_IT\Mongodb\bin;D:\Software_IT\git_lfs_windows_v2.10.0\Git LFS;D:\Environment_IT\Redis-x64-3.2.100;D:\Software_IT\Git\Git\cmd;D:\Environment_IT\ERlang22\erl10.4\bin;D:\Environment_IT\Rabbitmq3715\rabbitmq_server-3.7.15\sbin;D:\Matlab2018b\runtime\win64;D:\Matlab2018b\bin;C:\Program Files (x86)\AMD\ATI.ACE\Core-Static;D:\Environment_IT\graphviz-2.38\release\bin;D:\Environment_IT\ffmpeg-20180227-fa0c9d6-win64-static\bin;C:\Ruby25-x64\bin;C:\Users\25068.000\AppData\Local\Microsoft\WindowsApps;;D:\Software_IT\Idea2019.3.2\IntelliJ IDEA 2019.3.2\bin;;D:\Software_IT\CLion2019.3.2\CLion 2019.3.2\bin;;D:\Software_IT\Pycharm2019.3.2\PyCharm 2019.3.2\bin;;D:\Software_IT\Webstrom2019.3.2\WebStorm 2019.3.2\bin;;C:\Users\25068.000\AppData\Roaming\npm;D:\Software_IT\VS_Code\Microsoft VS Code\bin;D:\Software_IT\Webstrom2019.3.2\WebStorm 2019.3.2\bin;;D:\Software_IT\DataGrip\DataGrip 2019.3.2\bin;
USERNAME=25068
OS=Windows_NT
PROCESSOR_IDENTIFIER=Intel64 Family 6 Model 142 Stepping 9, GenuineIntel



---------------  S Y S T E M  ---------------

OS: Windows 10.0 , 64 bit Build 18362 (10.0.18362.778)

CPU:total 4 (initial active 4) (2 cores per cpu, 2 threads per core) family 6 model 142 stepping 9, cmov, cx8, fxsr, mmx, sse, sse2, sse3, ssse3, sse4.1, sse4.2, popcnt, avx, avx2, aes, clmul, erms, 3dnowpref, lzcnt, ht, tsc, tscinvbit, bmi1, bmi2, adx

Memory: 4k page, physical 8227852k(267632k free), swap 27889496k(0k free)

vm_info: Java HotSpot(TM) 64-Bit Server VM (25.221-b11) for windows-amd64 JRE (1.8.0_221-b11), built on Jul  4 2019 04:39:29 by "java_re" with MS VC++ 10.0 (VS2010)

time: Mon Jun 01 14:44:00 2020
timezone: 中国标准时间
elapsed time: 726 seconds (0d 0h 12m 6s)

