#
# There is insufficient memory for the Java Runtime Environment to continue.
# Native memory allocation (malloc) failed to allocate 32744 bytes for ChunkPool::allocate
# Possible reasons:
#   The system is out of physical RAM or swap space
#   The process is running with CompressedOops enabled, and the Java Heap may be blocking the growth of the native heap
# Possible solutions:
#   Reduce memory load on the system
#   Increase physical memory or swap space
#   Check if swap backing store is full
#   Decrease Java heap size (-Xmx/-Xms)
#   Decrease number of Java threads
#   Decrease Java thread stack sizes (-Xss)
#   Set larger code cache with -XX:ReservedCodeCacheSize=
#   JVM is running with Unscaled Compressed Oops mode in which the Java heap is
#     placed in the first 4GB address space. The Java Heap base address is the
#     maximum limit for the native heap growth. Please use -XX:HeapBaseMinAddress
#     to set the Java Heap base and to place the Java Heap above 4GB virtual address.
# This output file may be truncated or incomplete.
#
#  Out of Memory Error (allocation.cpp:272), pid=29908, tid=0x0000000000005aa4
#
# JRE version: Java(TM) SE Runtime Environment (8.0_221-b11) (build 1.8.0_221-b11)
# Java VM: Java HotSpot(TM) 64-Bit Server VM (25.221-b11 mixed mode windows-amd64 compressed oops)
# Failed to write core dump. Minidumps are not enabled by default on client versions of Windows
#

---------------  T H R E A D  ---------------

Current thread (0x0000000019602800):  JavaThread "C1 CompilerThread2" daemon [_thread_in_native, id=23204, stack(0x0000000019ea0000,0x0000000019fa0000)]

Stack: [0x0000000019ea0000,0x0000000019fa0000]
[error occurred during error reporting (printing stack bounds), id 0xc0000005]

Native frames: (J=compiled Java code, j=interpreted, Vv=VM code, C=native code)


Current CompileTask:
C1:  28196 4299       1       java.util.GregorianCalendar::computeFields (1571 bytes)


---------------  P R O C E S S  ---------------

Java Threads: ( => current thread )
  0x0000000018faf000 JavaThread "spring.cloud.inetutils" daemon [_thread_in_native, id=11304, stack(0x000000001e730000,0x000000001e830000)]
  0x000000001b7e7000 JavaThread "SimplePauseDetectorThread_0" daemon [_thread_blocked, id=24232, stack(0x000000001e530000,0x000000001e630000)]
  0x000000001b7e9000 JavaThread "Thread-27" daemon [_thread_blocked, id=6300, stack(0x000000001a790000,0x000000001a890000)]
  0x000000001b7e8800 JavaThread "localhost-startStop-1" daemon [_thread_in_Java, id=12756, stack(0x000000001e230000,0x000000001e330000)]
  0x000000001b7e7800 JavaThread "Tomcat-startStop-1" daemon [_thread_blocked, id=29764, stack(0x000000001e130000,0x000000001e230000)]
  0x000000001acd9000 JavaThread "AsyncAppender-Worker-ASYNC" daemon [_thread_blocked, id=29116, stack(0x000000001c860000,0x000000001c960000)]
  0x00000000199cc800 JavaThread "RMI TCP Connection(idle)" daemon [_thread_blocked, id=27204, stack(0x000000001c760000,0x000000001c860000)]
  0x0000000018e26800 JavaThread "AsyncAppender-Worker-ASYNC" daemon [_thread_blocked, id=2384, stack(0x000000001c460000,0x000000001c560000)]
  0x0000000018e99000 JavaThread "RMI Scheduler(0)" daemon [_thread_blocked, id=19104, stack(0x000000001bf60000,0x000000001c060000)]
  0x000000001aa8e000 JavaThread "RMI TCP Connection(2)-192.168.111.1" daemon [_thread_in_native, id=20592, stack(0x000000001be60000,0x000000001bf60000)]
  0x0000000019872800 JavaThread "RMI TCP Accept-0" daemon [_thread_in_native, id=28296, stack(0x000000001a260000,0x000000001a360000)]
  0x0000000019609000 JavaThread "Service Thread" daemon [_thread_blocked, id=30224, stack(0x0000000019fa0000,0x000000001a0a0000)]
=>0x0000000019602800 JavaThread "C1 CompilerThread2" daemon [_thread_in_native, id=23204, stack(0x0000000019ea0000,0x0000000019fa0000)]
  0x0000000019594000 JavaThread "C2 CompilerThread1" daemon [_thread_blocked, id=10760, stack(0x0000000019da0000,0x0000000019ea0000)]
  0x0000000019593000 JavaThread "C2 CompilerThread0" daemon [_thread_blocked, id=3108, stack(0x0000000019ca0000,0x0000000019da0000)]
  0x000000001955e000 JavaThread "Monitor Ctrl-Break" daemon [_thread_in_native, id=18564, stack(0x0000000019ba0000,0x0000000019ca0000)]
  0x0000000017a7c000 JavaThread "Attach Listener" daemon [_thread_blocked, id=4916, stack(0x00000000192a0000,0x00000000193a0000)]
  0x0000000018de3800 JavaThread "Signal Dispatcher" daemon [_thread_blocked, id=13560, stack(0x00000000191a0000,0x00000000192a0000)]
  0x0000000002e9d000 JavaThread "Finalizer" daemon [_thread_blocked, id=15188, stack(0x0000000018ca0000,0x0000000018da0000)]
  0x0000000017a3a000 JavaThread "Reference Handler" daemon [_thread_blocked, id=15152, stack(0x0000000018ba0000,0x0000000018ca0000)]
  0x0000000002da9800 JavaThread "main" [_thread_blocked, id=30556, stack(0x0000000002ca0000,0x0000000002da0000)]

Other Threads:
  0x0000000017a17800 VMThread [stack: 0x0000000018aa0000,0x0000000018ba0000] [id=20640]
  0x0000000019880800 WatcherThread [stack: 0x000000001a380000,0x000000001a480000] [id=17680]

VM state:not at safepoint (normal execution)

VM Mutex/Monitor currently owned by a thread: None

heap address: 0x0000000082600000, size: 2010 MB, Compressed Oops mode: 32-bit
Narrow klass base: 0x0000000000000000, Narrow klass shift: 3
Compressed class space size: 1073741824 Address: 0x0000000100000000

Heap:
 PSYoungGen      total 160768K, used 24339K [0x00000000d6200000, 0x00000000e0b80000, 0x0000000100000000)
  eden space 147968K, 11% used [0x00000000d6200000,0x00000000d7327fa8,0x00000000df280000)
  from space 12800K, 52% used [0x00000000df280000,0x00000000df91cf08,0x00000000dff00000)
  to   space 12288K, 0% used [0x00000000dff80000,0x00000000dff80000,0x00000000e0b80000)
 ParOldGen       total 79872K, used 21152K [0x0000000082600000, 0x0000000087400000, 0x00000000d6200000)
  object space 79872K, 26% used [0x0000000082600000,0x0000000083aa8168,0x0000000087400000)
 Metaspace       used 35676K, capacity 37458K, committed 37632K, reserved 1081344K
  class space    used 4941K, capacity 5277K, committed 5376K, reserved 1048576K

Card table byte_map: [0x0000000012360000,0x0000000012750000] byte_map_base: 0x0000000011f4d000

Marking Bits: (ParMarkBitMap*) 0x000000006eb55ce0
 Begin Bits: [0x0000000012df0000, 0x0000000014d58000)
 End Bits:   [0x0000000014d58000, 0x0000000016cc0000)

Polling page: 0x0000000000e50000

CodeCache: size=245760Kb used=8704Kb max_used=8704Kb free=237055Kb
 bounds [0x0000000002fa0000, 0x0000000003830000, 0x0000000011fa0000]
 total_blobs=4709 nmethods=4267 adapters=353
 compilation: enabled

Compilation events (10 events):
Event: 28.170 Thread 0x0000000019602800 nmethod 4294 0x000000000381ead0 code [0x000000000381ec60, 0x000000000381efe8]
Event: 28.171 Thread 0x0000000019602800 4295       1       org.apache.tomcat.util.modeler.OperationInfo::getMBeanParameterInfo (36 bytes)
Event: 28.171 Thread 0x0000000019602800 nmethod 4295 0x000000000381f150 code [0x000000000381f2c0, 0x000000000381f578]
Event: 28.171 Thread 0x0000000019602800 4296       1       org.apache.tomcat.util.modeler.OperationInfo::getReturnType (18 bytes)
Event: 28.171 Thread 0x0000000019602800 nmethod 4296 0x000000000381f750 code [0x000000000381f8a0, 0x000000000381f9d0]
Event: 28.171 Thread 0x0000000019602800 4297       1       javax.management.MBeanOperationInfo::<init> (16 bytes)
Event: 28.171 Thread 0x0000000019602800 nmethod 4297 0x000000000381fa50 code [0x000000000381fba0, 0x000000000381fcc8]
Event: 28.171 Thread 0x0000000019602800 4298   !   1       javax.management.MBeanInfo::arrayGettersSafe (85 bytes)
Event: 28.172 Thread 0x0000000019602800 nmethod 4298 0x000000000381fd50 code [0x000000000381fee0, 0x0000000003820368]
Event: 28.187 Thread 0x0000000019602800 4299       1       java.util.GregorianCalendar::computeFields (1571 bytes)

GC Heap History (10 events):
Event: 17.661 GC heap before
{Heap before GC invocations=9 (full 1):
 PSYoungGen      total 70144K, used 64839K [0x00000000d6200000, 0x00000000ddd00000, 0x0000000100000000)
  eden space 58368K, 100% used [0x00000000d6200000,0x00000000d9b00000,0x00000000d9b00000)
  from space 11776K, 54% used [0x00000000d9b00000,0x00000000da151e38,0x00000000da680000)
  to   space 11264K, 0% used [0x00000000dd200000,0x00000000dd200000,0x00000000ddd00000)
 ParOldGen       total 54784K, used 10653K [0x0000000082600000, 0x0000000085b80000, 0x00000000d6200000)
  object space 54784K, 19% used [0x0000000082600000,0x00000000830677c8,0x0000000085b80000)
 Metaspace       used 28541K, capacity 29654K, committed 29824K, reserved 1075200K
  class space    used 3948K, capacity 4187K, committed 4224K, reserved 1048576K
Event: 17.676 GC heap after
Heap after GC invocations=9 (full 1):
 PSYoungGen      total 113664K, used 8933K [0x00000000d6200000, 0x00000000ddd00000, 0x0000000100000000)
  eden space 102400K, 0% used [0x00000000d6200000,0x00000000d6200000,0x00000000dc600000)
  from space 11264K, 79% used [0x00000000dd200000,0x00000000ddab97a0,0x00000000ddd00000)
  to   space 11776K, 0% used [0x00000000dc600000,0x00000000dc600000,0x00000000dd180000)
 ParOldGen       total 54784K, used 10661K [0x0000000082600000, 0x0000000085b80000, 0x00000000d6200000)
  object space 54784K, 19% used [0x0000000082600000,0x00000000830697c8,0x0000000085b80000)
 Metaspace       used 28541K, capacity 29654K, committed 29824K, reserved 1075200K
  class space    used 3948K, capacity 4187K, committed 4224K, reserved 1048576K
}
Event: 18.859 GC heap before
{Heap before GC invocations=10 (full 1):
 PSYoungGen      total 113664K, used 111333K [0x00000000d6200000, 0x00000000ddd00000, 0x0000000100000000)
  eden space 102400K, 100% used [0x00000000d6200000,0x00000000dc600000,0x00000000dc600000)
  from space 11264K, 79% used [0x00000000dd200000,0x00000000ddab97a0,0x00000000ddd00000)
  to   space 11776K, 0% used [0x00000000dc600000,0x00000000dc600000,0x00000000dd180000)
 ParOldGen       total 54784K, used 10661K [0x0000000082600000, 0x0000000085b80000, 0x00000000d6200000)
  object space 54784K, 19% used [0x0000000082600000,0x00000000830697c8,0x0000000085b80000)
 Metaspace       used 32457K, capacity 33898K, committed 34176K, reserved 1079296K
  class space    used 4410K, capacity 4709K, committed 4736K, reserved 1048576K
Event: 18.877 GC heap after
Heap after GC invocations=10 (full 1):
 PSYoungGen      total 114176K, used 10600K [0x00000000d6200000, 0x00000000e0c80000, 0x0000000100000000)
  eden space 102400K, 0% used [0x00000000d6200000,0x00000000d6200000,0x00000000dc600000)
  from space 11776K, 90% used [0x00000000dc600000,0x00000000dd05a030,0x00000000dd180000)
  to   space 13312K, 0% used [0x00000000dff80000,0x00000000dff80000,0x00000000e0c80000)
 ParOldGen       total 54784K, used 12414K [0x0000000082600000, 0x0000000085b80000, 0x00000000d6200000)
  object space 54784K, 22% used [0x0000000082600000,0x000000008321f818,0x0000000085b80000)
 Metaspace       used 32457K, capacity 33898K, committed 34176K, reserved 1079296K
  class space    used 4410K, capacity 4709K, committed 4736K, reserved 1048576K
}
Event: 20.112 GC heap before
{Heap before GC invocations=11 (full 1):
 PSYoungGen      total 114176K, used 81997K [0x00000000d6200000, 0x00000000e0c80000, 0x0000000100000000)
  eden space 102400K, 69% used [0x00000000d6200000,0x00000000da7b95d0,0x00000000dc600000)
  from space 11776K, 90% used [0x00000000dc600000,0x00000000dd05a030,0x00000000dd180000)
  to   space 13312K, 0% used [0x00000000dff80000,0x00000000dff80000,0x00000000e0c80000)
 ParOldGen       total 54784K, used 12414K [0x0000000082600000, 0x0000000085b80000, 0x00000000d6200000)
  object space 54784K, 22% used [0x0000000082600000,0x000000008321f818,0x0000000085b80000)
 Metaspace       used 33813K, capacity 35398K, committed 35456K, reserved 1079296K
  class space    used 4644K, capacity 4961K, committed 4992K, reserved 1048576K
Event: 20.138 GC heap after
Heap after GC invocations=11 (full 1):
 PSYoungGen      total 160256K, used 7075K [0x00000000d6200000, 0x00000000e0b80000, 0x0000000100000000)
  eden space 147968K, 0% used [0x00000000d6200000,0x00000000d6200000,0x00000000df280000)
  from space 12288K, 57% used [0x00000000dff80000,0x00000000e0668e40,0x00000000e0b80000)
  to   space 12800K, 0% used [0x00000000df280000,0x00000000df280000,0x00000000dff00000)
 ParOldGen       total 54784K, used 16359K [0x0000000082600000, 0x0000000085b80000, 0x00000000d6200000)
  object space 54784K, 29% used [0x0000000082600000,0x00000000835f9c68,0x0000000085b80000)
 Metaspace       used 33813K, capacity 35398K, committed 35456K, reserved 1079296K
  class space    used 4644K, capacity 4961K, committed 4992K, reserved 1048576K
}
Event: 20.138 GC heap before
{Heap before GC invocations=12 (full 2):
 PSYoungGen      total 160256K, used 7075K [0x00000000d6200000, 0x00000000e0b80000, 0x0000000100000000)
  eden space 147968K, 0% used [0x00000000d6200000,0x00000000d6200000,0x00000000df280000)
  from space 12288K, 57% used [0x00000000dff80000,0x00000000e0668e40,0x00000000e0b80000)
  to   space 12800K, 0% used [0x00000000df280000,0x00000000df280000,0x00000000dff00000)
 ParOldGen       total 54784K, used 16359K [0x0000000082600000, 0x0000000085b80000, 0x00000000d6200000)
  object space 54784K, 29% used [0x0000000082600000,0x00000000835f9c68,0x0000000085b80000)
 Metaspace       used 33813K, capacity 35398K, committed 35456K, reserved 1079296K
  class space    used 4644K, capacity 4961K, committed 4992K, reserved 1048576K
Event: 20.318 GC heap after
Heap after GC invocations=12 (full 2):
 PSYoungGen      total 160256K, used 0K [0x00000000d6200000, 0x00000000e0b80000, 0x0000000100000000)
  eden space 147968K, 0% used [0x00000000d6200000,0x00000000d6200000,0x00000000df280000)
  from space 12288K, 0% used [0x00000000dff80000,0x00000000dff80000,0x00000000e0b80000)
  to   space 12800K, 0% used [0x00000000df280000,0x00000000df280000,0x00000000dff00000)
 ParOldGen       total 79872K, used 21144K [0x0000000082600000, 0x0000000087400000, 0x00000000d6200000)
  object space 79872K, 26% used [0x0000000082600000,0x0000000083aa6168,0x0000000087400000)
 Metaspace       used 33813K, capacity 35398K, committed 35456K, reserved 1079296K
  class space    used 4644K, capacity 4961K, committed 4992K, reserved 1048576K
}
Event: 27.362 GC heap before
{Heap before GC invocations=13 (full 2):
 PSYoungGen      total 160256K, used 147968K [0x00000000d6200000, 0x00000000e0b80000, 0x0000000100000000)
  eden space 147968K, 100% used [0x00000000d6200000,0x00000000df280000,0x00000000df280000)
  from space 12288K, 0% used [0x00000000dff80000,0x00000000dff80000,0x00000000e0b80000)
  to   space 12800K, 0% used [0x00000000df280000,0x00000000df280000,0x00000000dff00000)
 ParOldGen       total 79872K, used 21144K [0x0000000082600000, 0x0000000087400000, 0x00000000d6200000)
  object space 79872K, 26% used [0x0000000082600000,0x0000000083aa6168,0x0000000087400000)
 Metaspace       used 35496K, capacity 37286K, committed 37504K, reserved 1081344K
  class space    used 4915K, capacity 5243K, committed 5248K, reserved 1048576K
Event: 27.401 GC heap after
Heap after GC invocations=13 (full 2):
 PSYoungGen      total 160768K, used 6771K [0x00000000d6200000, 0x00000000e0b80000, 0x0000000100000000)
  eden space 147968K, 0% used [0x00000000d6200000,0x00000000d6200000,0x00000000df280000)
  from space 12800K, 52% used [0x00000000df280000,0x00000000df91cf08,0x00000000dff00000)
  to   space 12288K, 0% used [0x00000000dff80000,0x00000000dff80000,0x00000000e0b80000)
 ParOldGen       total 79872K, used 21152K [0x0000000082600000, 0x0000000087400000, 0x00000000d6200000)
  object space 79872K, 26% used [0x0000000082600000,0x0000000083aa8168,0x0000000087400000)
 Metaspace       used 35496K, capacity 37286K, committed 37504K, reserved 1081344K
  class space    used 4915K, capacity 5243K, committed 5248K, reserved 1048576K
}

Deoptimization events (0 events):
No events

Classes redefined (0 events):
No events

Internal exceptions (10 events):
Event: 27.913 Thread 0x000000001b7e8800 Exception <a 'java/lang/ClassNotFoundException': org/springframework/boot/web/servlet/filter/OrderedCharacterEncodingFilterCustomizer> (0x00000000d6cf42c8) thrown at [C:\re\workspace\8-2-build-windows-amd64-cygwin\jdk8u221\13320\hotspot\src\share\vm\class
Event: 27.916 Thread 0x000000001b7e8800 Exception <a 'java/lang/ClassNotFoundException': org/springframework/core/OrderedCustomizer> (0x00000000d6d1dac0) thrown at [C:\re\workspace\8-2-build-windows-amd64-cygwin\jdk8u221\13320\hotspot\src\share\vm\classfile\systemDictionary.cpp, line 210]
Event: 27.918 Thread 0x000000001b7e8800 Exception <a 'java/lang/ClassNotFoundException': javax/servlet/FilterCustomizer> (0x00000000d6d36e88) thrown at [C:\re\workspace\8-2-build-windows-amd64-cygwin\jdk8u221\13320\hotspot\src\share\vm\classfile\systemDictionary.cpp, line 210]
Event: 27.920 Thread 0x000000001b7e8800 Exception <a 'java/lang/ClassNotFoundException': org/springframework/beans/factory/BeanNameAwareCustomizer> (0x00000000d6d5cac8) thrown at [C:\re\workspace\8-2-build-windows-amd64-cygwin\jdk8u221\13320\hotspot\src\share\vm\classfile\systemDictionary.cpp, 
Event: 27.922 Thread 0x000000001b7e8800 Exception <a 'java/lang/ClassNotFoundException': org/springframework/context/EnvironmentAwareCustomizer> (0x00000000d6d80df8) thrown at [C:\re\workspace\8-2-build-windows-amd64-cygwin\jdk8u221\13320\hotspot\src\share\vm\classfile\systemDictionary.cpp, lin
Event: 27.956 Thread 0x000000001b7e8800 Exception <a 'java/lang/ClassNotFoundException': org/springframework/core/env/EnvironmentCapableCustomizer> (0x00000000d6da6420) thrown at [C:\re\workspace\8-2-build-windows-amd64-cygwin\jdk8u221\13320\hotspot\src\share\vm\classfile\systemDictionary.cpp, 
Event: 27.961 Thread 0x000000001b7e8800 Exception <a 'java/lang/ClassNotFoundException': org/springframework/web/context/ServletContextAwareCustomizer> (0x00000000d6dce2f8) thrown at [C:\re\workspace\8-2-build-windows-amd64-cygwin\jdk8u221\13320\hotspot\src\share\vm\classfile\systemDictionary.c
Event: 27.967 Thread 0x000000001b7e8800 Exception <a 'java/lang/ClassNotFoundException': org/springframework/beans/factory/InitializingBeanCustomizer> (0x00000000d6df5710) thrown at [C:\re\workspace\8-2-build-windows-amd64-cygwin\jdk8u221\13320\hotspot\src\share\vm\classfile\systemDictionary.cp
Event: 27.969 Thread 0x000000001b7e8800 Exception <a 'java/lang/ClassNotFoundException': org/springframework/beans/factory/DisposableBeanCustomizer> (0x00000000d6e1a6f8) thrown at [C:\re\workspace\8-2-build-windows-amd64-cygwin\jdk8u221\13320\hotspot\src\share\vm\classfile\systemDictionary.cpp,
Event: 28.176 Thread 0x000000001b7e8800 Exception <a 'java/io/FileNotFoundException'> (0x00000000d71729a0) thrown at [C:\re\workspace\8-2-build-windows-amd64-cygwin\jdk8u221\13320\hotspot\src\share\vm\prims\jni.cpp, line 710]

Events (10 events):
Event: 28.180 loading class org/springframework/web/filter/GenericFilterBean$FilterConfigPropertyValues
Event: 28.180 loading class org/springframework/web/filter/GenericFilterBean$FilterConfigPropertyValues done
Event: 28.180 Executing VM operation: Deoptimize
Event: 28.181 Executing VM operation: Deoptimize done
Event: 28.183 loading class io/micrometer/core/instrument/Timer$Sample
Event: 28.183 loading class io/micrometer/core/instrument/Timer$Sample done
Event: 28.184 loading class org/springframework/boot/actuate/metrics/web/servlet/WebMvcMetricsFilter$TimingContext
Event: 28.184 loading class org/springframework/boot/actuate/metrics/web/servlet/WebMvcMetricsFilter$TimingContext done
Event: 28.185 loading class org/springframework/web/method/HandlerMethod
Event: 28.185 loading class org/springframework/web/method/HandlerMethod done


Dynamic libraries:
0x00007ff7f9480000 - 0x00007ff7f94b7000 	D:\Java\jdk\bin\java.exe
0x00007ff984180000 - 0x00007ff984370000 	C:\WINDOWS\SYSTEM32\ntdll.dll
0x00007ff983d20000 - 0x00007ff983dd2000 	C:\WINDOWS\System32\KERNEL32.DLL
0x00007ff981750000 - 0x00007ff9819f4000 	C:\WINDOWS\System32\KERNELBASE.dll
0x00007ff983c70000 - 0x00007ff983d13000 	C:\WINDOWS\System32\ADVAPI32.dll
0x00007ff983510000 - 0x00007ff9835ae000 	C:\WINDOWS\System32\msvcrt.dll
0x00007ff9840a0000 - 0x00007ff984137000 	C:\WINDOWS\System32\sechost.dll
0x00007ff982550000 - 0x00007ff982670000 	C:\WINDOWS\System32\RPCRT4.dll
0x00007ff982b00000 - 0x00007ff982c94000 	C:\WINDOWS\System32\USER32.dll
0x00007ff981140000 - 0x00007ff981161000 	C:\WINDOWS\System32\win32u.dll
0x00007ff983e40000 - 0x00007ff983e66000 	C:\WINDOWS\System32\GDI32.dll
0x00007ff9812a0000 - 0x00007ff981434000 	C:\WINDOWS\System32\gdi32full.dll
0x00007ff9815b0000 - 0x00007ff98164e000 	C:\WINDOWS\System32\msvcp_win.dll
0x00007ff981650000 - 0x00007ff98174a000 	C:\WINDOWS\System32\ucrtbase.dll
0x00007ff97e760000 - 0x00007ff97e9e4000 	C:\WINDOWS\WinSxS\amd64_microsoft.windows.common-controls_6595b64144ccf1df_6.0.18362.836_none_e6c4b943130f18ed\COMCTL32.dll
0x00007ff982710000 - 0x00007ff982a46000 	C:\WINDOWS\System32\combase.dll
0x00007ff981220000 - 0x00007ff9812a0000 	C:\WINDOWS\System32\bcryptPrimitives.dll
0x00007ff982520000 - 0x00007ff98254e000 	C:\WINDOWS\System32\IMM32.DLL
0x000000006ebe0000 - 0x000000006ecb2000 	D:\Java\jdk\jre\bin\msvcr100.dll
0x000000006e330000 - 0x000000006ebd5000 	D:\Java\jdk\jre\bin\server\jvm.dll
0x00007ff982300000 - 0x00007ff982308000 	C:\WINDOWS\System32\PSAPI.DLL
0x00007ff96b9b0000 - 0x00007ff96b9b9000 	C:\WINDOWS\SYSTEM32\WSOCK32.dll
0x00007ff983fb0000 - 0x00007ff98401f000 	C:\WINDOWS\System32\WS2_32.dll
0x00007ff97d260000 - 0x00007ff97d284000 	C:\WINDOWS\SYSTEM32\WINMM.dll
0x00007ff980500000 - 0x00007ff98050a000 	C:\WINDOWS\SYSTEM32\VERSION.dll
0x00007ff97d230000 - 0x00007ff97d25d000 	C:\WINDOWS\SYSTEM32\WINMMBASE.dll
0x00007ff981170000 - 0x00007ff9811ba000 	C:\WINDOWS\System32\cfgmgr32.dll
0x00007ff978ba0000 - 0x00007ff978baf000 	D:\Java\jdk\jre\bin\verify.dll
0x00007ff96ff00000 - 0x00007ff96ff29000 	D:\Java\jdk\jre\bin\java.dll
0x00007ff972d80000 - 0x00007ff972da3000 	D:\Java\jdk\jre\bin\instrument.dll
0x00007ff970e70000 - 0x00007ff970e86000 	D:\Java\jdk\jre\bin\zip.dll
0x00007ff982e20000 - 0x00007ff983504000 	C:\WINDOWS\System32\SHELL32.dll
0x00007ff982a50000 - 0x00007ff982af9000 	C:\WINDOWS\System32\shcore.dll
0x00007ff981ab0000 - 0x00007ff98222e000 	C:\WINDOWS\System32\windows.storage.dll
0x00007ff9810e0000 - 0x00007ff981103000 	C:\WINDOWS\System32\profapi.dll
0x00007ff981090000 - 0x00007ff9810da000 	C:\WINDOWS\System32\powrprof.dll
0x00007ff981040000 - 0x00007ff981050000 	C:\WINDOWS\System32\UMPDC.dll
0x00007ff983660000 - 0x00007ff9836b2000 	C:\WINDOWS\System32\shlwapi.dll
0x00007ff981070000 - 0x00007ff981081000 	C:\WINDOWS\System32\kernel.appcore.dll
0x00007ff981590000 - 0x00007ff9815a7000 	C:\WINDOWS\System32\cryptsp.dll
0x00007ff972bc0000 - 0x00007ff972bda000 	D:\Software_IT\Idea2019.3.2\IntelliJ IDEA 2019.3.2\bin\breakgen64.dll
0x00007ff95d010000 - 0x00007ff95d02a000 	D:\Java\jdk\jre\bin\net.dll
0x00007ff971630000 - 0x00007ff971806000 	C:\WINDOWS\SYSTEM32\urlmon.dll
0x00007ff971f20000 - 0x00007ff9721c6000 	C:\WINDOWS\SYSTEM32\iertutil.dll
0x00007ff980650000 - 0x00007ff98065c000 	C:\WINDOWS\SYSTEM32\CRYPTBASE.DLL
0x00007ff962980000 - 0x00007ff962996000 	C:\WINDOWS\system32\PrxerDrv.dll
0x00007ff9803b0000 - 0x00007ff980417000 	C:\WINDOWS\system32\mswsock.dll
0x00007ff96ba00000 - 0x00007ff96ba12000 	C:\WINDOWS\system32\PrxerNsp.dll
0x00007ff980110000 - 0x00007ff9801db000 	C:\WINDOWS\SYSTEM32\DNSAPI.dll
0x00007ff982e10000 - 0x00007ff982e18000 	C:\WINDOWS\System32\NSI.dll
0x00007ff9800d0000 - 0x00007ff98010a000 	C:\WINDOWS\SYSTEM32\IPHLPAPI.DLL
0x00007ff9740f0000 - 0x00007ff9740fa000 	C:\Windows\System32\rasadhlp.dll
0x00007ff973ef0000 - 0x00007ff973f67000 	C:\WINDOWS\System32\fwpuclnt.dll
0x00007ff981110000 - 0x00007ff981136000 	C:\WINDOWS\System32\bcrypt.dll
0x00007ff972510000 - 0x00007ff97251d000 	D:\Java\jdk\jre\bin\management.dll
0x00007ff95cff0000 - 0x00007ff95d002000 	D:\Java\jdk\jre\bin\nio.dll
0x00007ff97ff30000 - 0x00007ff97ff63000 	C:\WINDOWS\system32\rsaenh.dll
0x00007ff980f60000 - 0x00007ff980f85000 	C:\WINDOWS\SYSTEM32\USERENV.dll
0x00007ff974260000 - 0x00007ff974276000 	C:\WINDOWS\SYSTEM32\dhcpcsvc6.DLL
0x00007ff974240000 - 0x00007ff97425c000 	C:\WINDOWS\SYSTEM32\dhcpcsvc.DLL
0x00007ff96b9e0000 - 0x00007ff96b9f6000 	C:\WINDOWS\system32\napinsp.dll
0x00007ff96b9c0000 - 0x00007ff96b9da000 	C:\WINDOWS\system32\pnrpnsp.dll
0x00007ff96f3f0000 - 0x00007ff96f3fe000 	C:\WINDOWS\System32\winrnr.dll
0x00007ff97cde0000 - 0x00007ff97cdfc000 	C:\WINDOWS\system32\NLAapi.dll
0x00007ff97b920000 - 0x00007ff97b935000 	C:\WINDOWS\system32\wshbth.dll

VM Arguments:
jvm_args: -DPORT=50102 -DEUREKA_SERVER=http://eureka01:50101/eureka -DEUREKA_DOMAIN=eureka02 -XX:TieredStopAtLevel=1 -Xverify:none -Dspring.output.ansi.enabled=always -Dcom.sun.management.jmxremote -Dspring.jmx.enabled=true -Dspring.liveBeansView.mbeanDomain -Dspring.application.admin.enabled=true -javaagent:D:\Software_IT\Idea2019.3.2\IntelliJ IDEA 2019.3.2\lib\idea_rt.jar=49324:D:\Software_IT\Idea2019.3.2\IntelliJ IDEA 2019.3.2\bin -Dfile.encoding=UTF-8 
java_command: com.xuecheng.govern.GovernCenterApplication
java_class_path (initial): D:\Java\jdk\jre\lib\charsets.jar;D:\Java\jdk\jre\lib\deploy.jar;D:\Java\jdk\jre\lib\ext\access-bridge-64.jar;D:\Java\jdk\jre\lib\ext\cldrdata.jar;D:\Java\jdk\jre\lib\ext\dnsns.jar;D:\Java\jdk\jre\lib\ext\jaccess.jar;D:\Java\jdk\jre\lib\ext\jfxrt.jar;D:\Java\jdk\jre\lib\ext\localedata.jar;D:\Java\jdk\jre\lib\ext\nashorn.jar;D:\Java\jdk\jre\lib\ext\sunec.jar;D:\Java\jdk\jre\lib\ext\sunjce_provider.jar;D:\Java\jdk\jre\lib\ext\sunmscapi.jar;D:\Java\jdk\jre\lib\ext\sunpkcs11.jar;D:\Java\jdk\jre\lib\ext\zipfs.jar;D:\Java\jdk\jre\lib\javaws.jar;D:\Java\jdk\jre\lib\jce.jar;D:\Java\jdk\jre\lib\jfr.jar;D:\Java\jdk\jre\lib\jfxswt.jar;D:\Java\jdk\jre\lib\jsse.jar;D:\Java\jdk\jre\lib\management-agent.jar;D:\Java\jdk\jre\lib\plugin.jar;D:\Java\jdk\jre\lib\resources.jar;D:\Java\jdk\jre\lib\rt.jar;D:\Xuecheng_Project\xcEduService01\xc-govern-center\target\classes;D:\maven_repository\org\springframework\cloud\spring-cloud-starter-netflix-eureka-server\2.0.1.RELEASE\spring-cloud-starter-netflix-eureka-server-2.0.1.RELEASE.jar;D:\maven_repository\org\springframework\cloud\spring-cloud-starter\2.0.1.RELEASE\spring-cloud-starter-2.0.1.RELEASE.jar;D:\maven_repository\org\springframework\boot\spring-boot-starter\2.0.1.RELEASE\spring-boot-starter-2.0.1.RELEASE.jar;D:\maven_repository\org\springframework\boot\spring-boot\2.0.1.RELEASE\spring-boot-2.0.1.RELEASE.jar;D:\maven_repository\org\springframework\spring-context\5.0.5.RELEASE\spring-context-5.0.5.RELEASE.jar;D:\maven_repository\org\springframework\boot\spring-boot-autoconfigure\2.0.1.RELEASE\spring-boot-autoconfigure-2.0.1.RELEASE.jar;D:\maven_repository\org\springframework\boot\spring-boot-starter-logging\2.0.1.RELEASE\spring-boot-starter-logging-2.0.1.RELEASE.jar;D:\maven_repository\ch\qos\logback\logback-classic\1.2.3\logback-classic-1.2.3.jar;D:\maven_repository\ch\qos\logback\logback-core\1.2.3\logback-core-1.2.3.jar;D:\maven_repository\org\apache\logging\log4j\log4j-to-slf4j\2.10.0\log4j-to-slf4j-2.1
Launcher Type: SUN_STANDARD

Environment Variables:
JAVA_HOME=D:\Java\jdk
CLASSPATH=.;D:\Java\jdk/lib/dt.jar;D:\Java\jdk/lib/tools.jar;%JMETER_HOME%\lib\ext\ApacheJMeter_core.jar; %JMETER_HOME%\lib\jorphan.jar;
PATH=D:\Software_IT\OpenSSL\OpenSSL-Win64\bin;D:\Environment_IT\oracle11g\product\11.2.0\dbhome_1\bin;C:\WINDOWS\system32;C:\WINDOWS;C:\WINDOWS\System32\Wbem;C:\WINDOWS\System32\WindowsPowerShell\v1.0\;D:\Java\jdk\bin;D:\Java\jdk\jre\bin;D:\Environment_IT\Python3.8;D:\Environment_IT\Python3.8\Scripts;D:\Environment_IT\apache-maven-3.6.1-bin\apache-maven-3.6.1\bin;D:\Software_IT\Devc++\Dev-Cpp\MinGW64;D:\Environment_IT\Node.js\;C:\Program Files (x86)\MySQL\MySQL Fabric 1.5 & MySQL Utilities 1.5\;C:\Program Files (x86)\MySQL\MySQL Fabric 1.5 & MySQL Utilities 1.5\Doctrine extensions for PHP\;C:\Program Files\MySQL\MySQL Server 5.7\bin;D:\Environment_IT\Node.js\node_global;D:\Environment_IT\Node.js\node_modules;D:\Environment_IT\Rabbitmq3715\rabbitmq_server-3.7.15\sbin;C:\WINDOWS\System32\OpenSSH\;D:\Environment_IT\Mongodb\bin;D:\Software_IT\git_lfs_windows_v2.10.0\Git LFS;D:\Environment_IT\Redis-x64-3.2.100;D:\Software_IT\Git\Git\cmd;D:\Environment_IT\ERlang22\erl10.4\bin;D:\Environment_IT\Rabbitmq3715\rabbitmq_server-3.7.15\sbin;D:\Matlab2018b\runtime\win64;D:\Matlab2018b\bin;C:\Program Files (x86)\AMD\ATI.ACE\Core-Static;D:\Environment_IT\graphviz-2.38\release\bin;D:\Environment_IT\ffmpeg-20180227-fa0c9d6-win64-static\bin;C:\Ruby25-x64\bin;C:\Users\25068.000\AppData\Local\Microsoft\WindowsApps;;D:\Software_IT\Idea2019.3.2\IntelliJ IDEA 2019.3.2\bin;;D:\Software_IT\CLion2019.3.2\CLion 2019.3.2\bin;;D:\Software_IT\Pycharm2019.3.2\PyCharm 2019.3.2\bin;;D:\Software_IT\Webstrom2019.3.2\WebStorm 2019.3.2\bin;;C:\Users\25068.000\AppData\Roaming\npm;D:\Software_IT\VS_Code\Microsoft VS Code\bin;D:\Software_IT\Webstrom2019.3.2\WebStorm 2019.3.2\bin;;D:\Software_IT\DataGrip\DataGrip 2019.3.2\bin;
USERNAME=25068
OS=Windows_NT
PROCESSOR_IDENTIFIER=Intel64 Family 6 Model 142 Stepping 9, GenuineIntel



---------------  S Y S T E M  ---------------

OS: Windows 10.0 , 64 bit Build 18362 (10.0.18362.778)

CPU:total 4 (initial active 4) (2 cores per cpu, 2 threads per core) family 6 model 142 stepping 9, cmov, cx8, fxsr, mmx, sse, sse2, sse3, ssse3, sse4.1, sse4.2, popcnt, avx, avx2, aes, clmul, erms, 3dnowpref, lzcnt, ht, tsc, tscinvbit, bmi1, bmi2, adx

Memory: 4k page, physical 8227852k(421992k free), swap 27889496k(3200k free)

vm_info: Java HotSpot(TM) 64-Bit Server VM (25.221-b11) for windows-amd64 JRE (1.8.0_221-b11), built on Jul  4 2019 04:39:29 by "java_re" with MS VC++ 10.0 (VS2010)

time: Mon Jun 01 15:07:34 2020
timezone: 中国标准时间
elapsed time: 28 seconds (0d 0h 0m 28s)

